[20:59:59] [main/INFO]: Loading Minecraft 1.21.6 with Fabric Loader 0.16.14
[20:59:59] [main/INFO]: Loading 40 mods:
	- easywhitelist 1.1.0
	- fabric-api 0.127.0+1.21.6
	   |-- fabric-api-base 0.4.63+9ec45cd89c
	   |-- fabric-api-lookup-api-v1 1.6.99+9ec45cd89c
	   |-- fabric-biome-api-v1 16.0.10+fa6cb72b9c
	   |-- fabric-block-api-v1 1.1.2+78dbe4fb9c
	   |-- fabric-block-view-api-v2 1.0.30+d32f812d9c
	   |-- fabric-command-api-v2 2.2.52+b39a696a9c
	   |-- fabric-content-registries-v0 10.0.17+fa6cb72b9c
	   |-- fabric-convention-tags-v1 2.1.37+7f945d5b9c
	   |-- fabric-convention-tags-v2 2.15.2+d9a896309c
	   |-- fabric-crash-report-info-v1 0.3.14+fa6cb72b9c
	   |-- fabric-data-attachment-api-v1 1.8.8+d9a896309c
	   |-- fabric-data-generation-api-v1 23.2.0+a12c79229c
	   |-- fabric-dimensions-v1 4.0.18+75fa737a9c
	   |-- fabric-entity-events-v1 2.1.0+c9e472739c
	   |-- fabric-events-interaction-v0 4.0.22+0d4d74479c
	   |-- fabric-game-rule-api-v1 1.0.71+9ec45cd89c
	   |-- fabric-item-api-v1 11.4.2+5e29f1899c
	   |-- fabric-item-group-api-v1 4.2.12+9ec45cd89c
	   |-- fabric-key-binding-api-v1 1.0.64+9ec45cd89c
	   |-- fabric-lifecycle-events-v1 2.6.2+db4dfd859c
	   |-- fabric-loot-api-v2 3.0.54+3f89f5a59c
	   |-- fabric-loot-api-v3 2.0.1+f40817309c
	   |-- fabric-message-api-v1 6.1.0+8efa0e499c
	   |-- fabric-model-loading-api-v1 5.2.4+ae8be2b89c
	   |-- fabric-networking-api-v1 5.0.0+d32f812d9c
	   |-- fabric-object-builder-api-v1 21.1.5+946cf7899c
	   |-- fabric-particles-v1 4.1.6+c1dce2189c
	   |-- fabric-recipe-api-v1 8.1.13+39ce47f59c
	   |-- fabric-registry-sync-v0 6.1.25+9ec45cd89c
	   |-- fabric-renderer-api-v1 7.0.1+a0cfcc829c
	   |-- fabric-renderer-indigo 4.0.1+2516f2229c
	   |-- fabric-rendering-fluids-v1 3.1.29+fa6cb72b9c
	   |-- fabric-rendering-v1 12.3.0+ac3e15d19c
	   |-- fabric-resource-conditions-api-v1 5.0.23+908cbc919c
	   |-- fabric-resource-loader-v0 3.1.10+fa6cb72b9c
	   |-- fabric-screen-api-v1 2.0.50+908cbc919c
	   |-- fabric-screen-handler-api-v1 1.3.134+d32f812d9c
	   |-- fabric-sound-api-v1 1.0.41+d32f812d9c
	   |-- fabric-tag-api-v1 1.2.0+75110b049c
	   |-- fabric-transfer-api-v1 6.0.4+074c84ee9c
	   \-- fabric-transitive-access-wideners-v1 6.4.0+ac3e15d19c
	- fabricloader 0.16.14
	   \-- mixinextras 0.4.1
	- java 21
	- minecraft 1.21.6
[21:00:01] [main/INFO]: SpongePowered MIXIN Subsystem Version=0.8.7 Source=file:/C:/Minecraft%20Servers/minecraft-server/libraries/net/fabricmc/sponge-mixin/0.15.5+mixin.0.8.7/sponge-mixin-0.15.5+mixin.0.8.7.jar Service=Knot/Fabric Env=SERVER
[21:00:04] [main/INFO]: Compatibility level set to JAVA_16
[21:00:04] [main/INFO]: Compatibility level set to JAVA_21
[21:00:04] [main/INFO]: Initializing MixinExtras via com.llamalad7.mixinextras.service.MixinExtrasServiceImpl(version=0.4.1).
[21:00:16] [main/INFO]: [EasyWhitelist] Whitelist is now name-based.
[21:00:16] [main/INFO]: Environment: Environment[sessionHost=https://sessionserver.mojang.com, servicesHost=https://api.minecraftservices.com, name=PROD]
[21:00:16] [main/INFO]: Found new data pack fabric, loading it automatically
[21:00:16] [main/INFO]: Found new data pack fabric-convention-tags-v2, loading it automatically
[21:00:19] [main/INFO]: Loaded 1407 recipes
[21:00:19] [main/INFO]: Loaded 1520 advancements
[21:00:19] [main/INFO]: Applied 0 biome modifications to 0 of 65 new biomes in 2.309 ms
[21:00:19] [Server thread/INFO]: Starting minecraft server version 1.21.6
[21:00:19] [Server thread/INFO]: Loading properties
[21:00:19] [Server thread/INFO]: Default game type: SURVIVAL
[21:00:19] [Server thread/INFO]: Generating keypair
[21:00:19] [Server thread/INFO]: Starting Minecraft server on *:25565
[21:00:19] [Server thread/INFO]: Using default channel type
[21:00:19] [Server thread/WARN]: **** SERVER IS RUNNING IN OFFLINE/INSECURE MODE!
[21:00:19] [Server thread/WARN]: The server will make no attempt to authenticate usernames. Beware.
[21:00:19] [Server thread/WARN]: While this makes the game possible to play without internet access, it also opens up the ability for hackers to connect with any username they choose.
[21:00:19] [Server thread/WARN]: To change this, set "online-mode" to "true" in the server.properties file.
[21:00:19] [Server thread/INFO]: Preparing level "world"
[21:00:23] [Server thread/INFO]: Preparing start region for dimension minecraft:overworld
[21:00:23] [Worker-Main-3/INFO]: Preparing spawn area: 2%
[21:00:23] [Worker-Main-5/INFO]: Preparing spawn area: 40%
[21:00:24] [Worker-Main-5/INFO]: Preparing spawn area: 40%
[21:00:24] [Worker-Main-4/INFO]: Preparing spawn area: 51%
[21:00:25] [Worker-Main-7/INFO]: Preparing spawn area: 51%
[21:00:25] [Worker-Main-5/INFO]: Preparing spawn area: 51%
[21:00:26] [Worker-Main-2/INFO]: Preparing spawn area: 51%
[21:00:26] [Worker-Main-5/INFO]: Preparing spawn area: 51%
[21:00:27] [Worker-Main-5/INFO]: Preparing spawn area: 51%
[21:00:27] [Worker-Main-5/INFO]: Preparing spawn area: 51%
[21:00:28] [Worker-Main-5/INFO]: Preparing spawn area: 51%
[21:00:28] [Worker-Main-5/INFO]: Preparing spawn area: 51%
[21:00:28] [Yggdrasil Key Fetcher/ERROR]: Failed to request yggdrasil public key
com.mojang.authlib.exceptions.MinecraftClientException: Failed to read from https://api.minecraftservices.com/publickeys due to api.minecraftservices.com
	at knot/com.mojang.authlib.minecraft.client.MinecraftClient.readInputStream(MinecraftClient.java:111) ~[authlib-6.0.58.jar:?]
	at knot/com.mojang.authlib.minecraft.client.MinecraftClient.get(MinecraftClient.java:56) ~[authlib-6.0.58.jar:?]
	at knot/com.mojang.authlib.yggdrasil.YggdrasilServicesKeyInfo.fetch(YggdrasilServicesKeyInfo.java:114) ~[authlib-6.0.58.jar:?]
	at knot/com.mojang.authlib.yggdrasil.YggdrasilServicesKeyInfo$1.run(YggdrasilServicesKeyInfo.java:89) ~[authlib-6.0.58.jar:?]
	at java.base/java.util.concurrent.Executors$RunnableAdapter.call(Executors.java:572) ~[?:?]
	at java.base/java.util.concurrent.FutureTask.run(FutureTask.java:317) ~[?:?]
	at java.base/java.util.concurrent.ScheduledThreadPoolExecutor$ScheduledFutureTask.run(ScheduledThreadPoolExecutor.java:304) ~[?:?]
	at java.base/java.util.concurrent.ThreadPoolExecutor.runWorker(ThreadPoolExecutor.java:1144) ~[?:?]
	at java.base/java.util.concurrent.ThreadPoolExecutor$Worker.run(ThreadPoolExecutor.java:642) ~[?:?]
	at java.base/java.lang.Thread.run(Thread.java:1583) [?:?]
Caused by: java.net.UnknownHostException: api.minecraftservices.com
	at java.base/sun.nio.ch.NioSocketImpl.connect(NioSocketImpl.java:567) ~[?:?]
	at java.base/java.net.SocksSocketImpl.connect(SocksSocketImpl.java:327) ~[?:?]
	at java.base/java.net.Socket.connect(Socket.java:751) ~[?:?]
	at java.base/sun.security.ssl.SSLSocketImpl.connect(SSLSocketImpl.java:304) ~[?:?]
	at java.base/sun.net.NetworkClient.doConnect(NetworkClient.java:178) ~[?:?]
	at java.base/sun.net.www.http.HttpClient.openServer(HttpClient.java:531) ~[?:?]
	at java.base/sun.net.www.http.HttpClient.openServer(HttpClient.java:636) ~[?:?]
	at java.base/sun.net.www.protocol.https.HttpsClient.<init>(HttpsClient.java:264) ~[?:?]
	at java.base/sun.net.www.protocol.https.HttpsClient.New(HttpsClient.java:377) ~[?:?]
	at java.base/sun.net.www.protocol.https.AbstractDelegateHttpsURLConnection.getNewHttpClient(AbstractDelegateHttpsURLConnection.java:193) ~[?:?]
	at java.base/sun.net.www.protocol.http.HttpURLConnection.plainConnect0(HttpURLConnection.java:1297) ~[?:?]
	at java.base/sun.net.www.protocol.http.HttpURLConnection.plainConnect(HttpURLConnection.java:1138) ~[?:?]
	at java.base/sun.net.www.protocol.https.AbstractDelegateHttpsURLConnection.connect(AbstractDelegateHttpsURLConnection.java:179) ~[?:?]
	at java.base/sun.net.www.protocol.http.HttpURLConnection.getInputStream0(HttpURLConnection.java:1690) ~[?:?]
	at java.base/sun.net.www.protocol.http.HttpURLConnection.getInputStream(HttpURLConnection.java:1614) ~[?:?]
	at java.base/java.net.HttpURLConnection.getResponseCode(HttpURLConnection.java:531) ~[?:?]
	at java.base/sun.net.www.protocol.https.HttpsURLConnectionImpl.getResponseCode(HttpsURLConnectionImpl.java:307) ~[?:?]
	at knot/com.mojang.authlib.minecraft.client.MinecraftClient.readInputStream(MinecraftClient.java:82) ~[authlib-6.0.58.jar:?]
	... 9 more
[21:00:29] [Worker-Main-4/INFO]: Preparing spawn area: 51%
[21:00:29] [Server thread/INFO]: Time elapsed: 6370 ms
[21:00:29] [Server thread/INFO]: Done (9.543s)! For help, type "help"
[21:01:10] [Server thread/INFO]: Zygardoge[/127.0.0.1:53860] logged in with entity id 1 at (26.5, 117.0, 9.5)
[21:01:10] [Server thread/INFO]: Zygardoge joined the game
[21:01:20] [Server thread/INFO]: Seed: [-7328895963628684860]
[21:01:31] [Server thread/INFO]: Added Zygardoge to the whitelist
[21:01:35] [Server thread/INFO]: Zygardoge lost connection: Disconnected
[21:01:35] [Server thread/INFO]: Zygardoge left the game
[21:01:37] [Server thread/INFO]: Zygardoge[/127.0.0.1:54625] logged in with entity id 158 at (26.5, 117.0, 9.5)
[21:01:38] [Server thread/INFO]: Zygardoge joined the game
[21:01:39] [Server thread/INFO]: Zygardoge lost connection: Disconnected
[21:01:39] [Server thread/INFO]: Zygardoge left the game
[21:01:51] [Server thread/INFO]: Unknown or incomplete command, see below for error
[21:01:51] [Server thread/INFO]: whilelist add minecraft2025<--[HERE]
[21:02:02] [Server thread/INFO]: Added minecraft2025 to the whitelist
[21:02:26] [Server thread/INFO]: Added MoonGrumKnight to the whitelist
